This is pdfTeX, Version 3.14159265-2.6-1.40.18 (TeX Live 2017/Debian) (preloaded format=pdflatex 2019.5.1)  3 AUG 2020 16:00
entering extended mode
 restricted \write18 enabled.
 %&-line parsing enabled.
**Manuscript.tex
(./Manuscript.tex
LaTeX2e <2017-04-15>
Babel <3.18> and hyphenation patterns for 3 language(s) loaded.
(/usr/share/texlive/texmf-dist/tex/latex/revtex/revtex4-1.cls
Document Class: revtex4-1 2010/07/25/20:33:00 4.1r (http://publish.aps.org/revt
ex4/ for documentation)
 Copyright (c) 2009 The American Physical Society.
 mailto:revtex@aps.org
 Licensed under the LPPL:
http://www.ctan.org/tex-archive/macros/latex/base/lppl.txt
 Arthur Ogawa <arthur_ogawa at sbcglobal dot net>
 Based on work by David Carlisle <david at dcarlisle.demon.co.uk>.
ltxutil[2010/07/25/20:33:00 4.1r utilities package (portions licensed from W. E
. Baxter web at superscript.com)]
LaTeX Info: Redefining \@centercr on input line 308.
Class revtex4-1 Info: Repairing broken LaTeX eqnarray on input line 358.
\eqncolsep=\skip41
Class revtex4-1 Info: Repairing hyperref-unfriendly LaTeX definition of \mpfoot
note on input line 433.
Class revtex4-1 Info: Repairing broken LateX \@sect on input line 755.
\intertabularlinepenalty=\count79
\@tbpen=\count80
\@arstrutbox@hline=\box26
Class revtex4-1 Info: Repairing broken LaTeX \@xbitor on input line 1786.
Class revtex4-1 Info: Making \typeout \long on input line 2046.
ltxfront[2010/07/25/20:33:00 4.1r frontmatter package (AO,DPC)]
\c@affil=\count81
\c@collab=\count82
\absbox=\box27
ltxgrid[2010/07/25/20:33:00 4.1r page grid package (portions licensed from W. E
. Baxter web at superscript.com)]
\c@linecount=\count83
\output@latex=\toks14
\box@size@1=\box28
\box@size@2=\box29
\@protection@box=\box30
\@topmark@saved=\toks15
\footins@saved=\box31
\footins@recovered=\box32
\column@recovered=\box33
\pagesofar=\box34
\footsofar=\box35
\pagegrid@col=\count84
Class revtex4-1 Info: Overriding \@vspace, \@vspacer, \@no@pgbk, \@newline, and
 \\  on input line 5578.
\c@part=\count85
\c@section=\count86
\c@subsection=\count87
\c@subsubsection=\count88
\c@paragraph=\count89
\c@subparagraph=\count90
\abovecaptionskip=\skip42
\belowcaptionskip=\skip43
\c@figure=\count91
\fbox@1=\box36
\c@table=\count92
\fbox@2=\box37
\c@video=\count93
\fbox@4=\box38
\@bibdataout=\write3
\widetext@top=\box39
\widetext@bot=\box40
Class revtex4-1 Info: Selecting society aps on input line 7542.
(/usr/share/texlive/texmf-dist/tex/latex/revtex/aps4-1.rtx
File: aps4-1 2010/07/25/20:33:00 4.1r (http://publish.aps.org/revtex4/ for docu
mentation)
Class revtex4-1 Info: RevTeX society APS selected on input line 31.
)

Class revtex4-1 Warning: No journal specified, using default pra.

Class revtex4-1 Info: APS journal PRA selected on input line 7545.
(/usr/share/texlive/texmf-dist/tex/latex/revtex/aps12pt4-1.rtx
File: aps12pt4-1 2010/07/25/20:33:00 4.1r (http://publish.aps.org/revtex4/ for 
documentation)
Class revtex4-1 Info: RevTeX pointsize 12pt selected on input line 30.
)
(/usr/share/texlive/texmf-dist/tex/latex/textcase/textcase.sty
Package: textcase 2004/10/07 v0.07 Text only upper/lower case changing (DPC)
)
(/usr/share/texlive/texmf-dist/tex/latex/amsfonts/amssymb.sty
Package: amssymb 2013/01/14 v3.01 AMS font symbols

(/usr/share/texlive/texmf-dist/tex/latex/amsfonts/amsfonts.sty
Package: amsfonts 2013/01/14 v3.01 Basic AMSFonts support
\@emptytoks=\toks16
\symAMSa=\mathgroup4
\symAMSb=\mathgroup5
LaTeX Font Info:    Overwriting math alphabet `\mathfrak' in version `bold'
(Font)                  U/euf/m/n --> U/euf/b/n on input line 106.
))
(/usr/share/texlive/texmf-dist/tex/latex/amsmath/amsmath.sty
Package: amsmath 2017/09/02 v2.17a AMS math features
\@mathmargin=\skip44

For additional information on amsmath, use the `?' option.
(/usr/share/texlive/texmf-dist/tex/latex/amsmath/amstext.sty
Package: amstext 2000/06/29 v2.01 AMS text

(/usr/share/texlive/texmf-dist/tex/latex/amsmath/amsgen.sty
File: amsgen.sty 1999/11/30 v2.0 generic functions
\@emptytoks=\toks17
\ex@=\dimen102
)
LaTeX Info: Redefining \text on input line 28.
)
(/usr/share/texlive/texmf-dist/tex/latex/amsmath/amsbsy.sty
Package: amsbsy 1999/11/29 v1.2d Bold Symbols
\pmbraise@=\dimen103
)
(/usr/share/texlive/texmf-dist/tex/latex/amsmath/amsopn.sty
Package: amsopn 2016/03/08 v2.02 operator names
)
\inf@bad=\count94
LaTeX Info: Redefining \frac on input line 213.
\uproot@=\count95
\leftroot@=\count96
LaTeX Info: Redefining \overline on input line 375.
\classnum@=\count97
\DOTSCASE@=\count98
LaTeX Info: Redefining \ldots on input line 472.
LaTeX Info: Redefining \dots on input line 475.
LaTeX Info: Redefining \cdots on input line 596.
\Mathstrutbox@=\box41
\strutbox@=\box42
\big@size=\dimen104
LaTeX Font Info:    Redeclaring font encoding OML on input line 712.
LaTeX Font Info:    Redeclaring font encoding OMS on input line 713.
\macc@depth=\count99
\c@MaxMatrixCols=\count100
\dotsspace@=\muskip10
\c@parentequation=\count101
\dspbrk@lvl=\count102
\tag@help=\toks18
\row@=\count103
\column@=\count104
\maxfields@=\count105
\andhelp@=\toks19
\eqnshift@=\dimen105
\alignsep@=\dimen106
\tagshift@=\dimen107
\tagwidth@=\dimen108
\totwidth@=\dimen109
\lineht@=\dimen110
\@envbody=\toks20
\multlinegap=\skip45
\multlinetaggap=\skip46
\mathdisplay@stack=\toks21
LaTeX Info: Redefining \[ on input line 2817.
LaTeX Info: Redefining \] on input line 2818.
)
(/usr/share/texlive/texmf-dist/tex/latex/url/url.sty
\Urlmuskip=\muskip11
Package: url 2013/09/16  ver 3.4  Verb mode for urls, etc.
)
(/usr/share/texlive/texmf-dist/tex/latex/natbib/natbib.sty
Package: natbib 2010/09/13 8.31b (PWD, AO)
\bibhang=\skip47
\bibsep=\skip48
LaTeX Info: Redefining \cite on input line 694.
\c@NAT@ctr=\count106
)
Class revtex4-1 Info: Repairing natbib's \BibitemShut on input line 7549.

(/usr/share/texlive/texmf-dist/tex/latex/revtex/revsymb4-1.sty
Package: revsymb4-1 2010/07/25/20:33:00 4.1r (http://publish.aps.org/revtex4/ f
or documentation)
LaTeX Info: Redefining \frak on input line 95.
LaTeX Info: Redefining \Bbb on input line 111.
LaTeX Info: Redefining \REV@mathfrak on input line 119.
))
(/usr/share/texlive/texmf-dist/tex/latex/base/latexsym.sty
Package: latexsym 1998/08/17 v2.2e Standard LaTeX package (lasy symbols)
\symlasy=\mathgroup6
LaTeX Font Info:    Overwriting symbol font `lasy' in version `bold'
(Font)                  U/lasy/m/n --> U/lasy/b/n on input line 52.
)
(/usr/share/texlive/texmf-dist/tex/latex/graphics/color.sty
Package: color 2016/07/10 v1.1e Standard LaTeX Color (DPC)

(/usr/share/texlive/texmf-dist/tex/latex/graphics-cfg/color.cfg
File: color.cfg 2016/01/02 v1.6 sample color configuration
)
Package color Info: Driver file: pdftex.def on input line 147.

(/usr/share/texlive/texmf-dist/tex/latex/graphics-def/pdftex.def
File: pdftex.def 2018/01/08 v1.0l Graphics/color driver for pdftex
))
(/usr/share/texlive/texmf-dist/tex/latex/graphics/graphicx.sty
Package: graphicx 2017/06/01 v1.1a Enhanced LaTeX Graphics (DPC,SPQR)

(/usr/share/texlive/texmf-dist/tex/latex/graphics/keyval.sty
Package: keyval 2014/10/28 v1.15 key=value parser (DPC)
\KV@toks@=\toks22
)
(/usr/share/texlive/texmf-dist/tex/latex/graphics/graphics.sty
Package: graphics 2017/06/25 v1.2c Standard LaTeX Graphics (DPC,SPQR)

(/usr/share/texlive/texmf-dist/tex/latex/graphics/trig.sty
Package: trig 2016/01/03 v1.10 sin cos tan (DPC)
)
(/usr/share/texlive/texmf-dist/tex/latex/graphics-cfg/graphics.cfg
File: graphics.cfg 2016/06/04 v1.11 sample graphics configuration
)
Package graphics Info: Driver file: pdftex.def on input line 99.
)
\Gin@req@height=\dimen111
\Gin@req@width=\dimen112
)
(/usr/share/texlive/texmf-dist/tex/latex/tools/tabularx.sty
Package: tabularx 2016/02/03 v2.11 `tabularx' package (DPC)

(/usr/share/texlive/texmf-dist/tex/latex/tools/array.sty
Package: array 2016/10/06 v2.4d Tabular extension package (FMi)
\col@sep=\dimen113
\extrarowheight=\dimen114
\NC@list=\toks23
\extratabsurround=\skip49
\backup@length=\skip50
)
\TX@col@width=\dimen115
\TX@old@table=\dimen116
\TX@old@col=\dimen117
\TX@target=\dimen118
\TX@delta=\dimen119
\TX@cols=\count107
\TX@ftn=\toks24
)
(/usr/share/texlive/texmf-dist/tex/latex/booktabs/booktabs.sty
Package: booktabs 2016/04/27 v1.618033 publication quality tables
\heavyrulewidth=\dimen120
\lightrulewidth=\dimen121
\cmidrulewidth=\dimen122
\belowrulesep=\dimen123
\belowbottomsep=\dimen124
\aboverulesep=\dimen125
\abovetopsep=\dimen126
\cmidrulesep=\dimen127
\cmidrulekern=\dimen128
\defaultaddspace=\dimen129
\@cmidla=\count108
\@cmidlb=\count109
\@aboverulesep=\dimen130
\@belowrulesep=\dimen131
\@thisruleclass=\count110
\@lastruleclass=\count111
\@thisrulewidth=\dimen132
)
(/usr/share/texlive/texmf-dist/tex/latex/tools/enumerate.sty
Package: enumerate 2015/07/23 v3.00 enumerate extensions (DPC)
\@enLab=\toks25
)
(/usr/share/texlive/texmf-dist/tex/latex/multirow/multirow.sty
Package: multirow 2016/11/25 v2.2 Span multiple rows of a table
\multirow@colwidth=\skip51
\multirow@cntb=\count112
\multirow@dima=\skip52
\bigstrutjot=\dimen133
)
(/usr/share/texlive/texmf-dist/tex/latex/tools/dcolumn.sty
Package: dcolumn 2014/10/28 v1.06 decimal alignment package (DPC)
)
(/usr/share/texlive/texmf-dist/tex/latex/tools/bm.sty
Package: bm 2017/01/16 v1.2c Bold Symbol Support (DPC/FMi)
\symboldoperators=\mathgroup7
\symboldletters=\mathgroup8
\symboldsymbols=\mathgroup9
\symboldlasy=\mathgroup10
LaTeX Font Info:    Redeclaring math alphabet \mathbf on input line 141.
LaTeX Info: Redefining \bm on input line 207.
)
(/usr/share/texlive/texmf-dist/tex/latex/cleveref/cleveref.sty
Package: cleveref 2018/02/08 v0.21.1 Intelligent cross-referencing
)
(/usr/share/texlive/texmf-dist/tex/latex/oberdiek/epstopdf.sty
Package: epstopdf 2016/05/15 v2.6 Conversion with epstopdf on the fly (HO)

(/usr/share/texlive/texmf-dist/tex/latex/oberdiek/epstopdf-base.sty
Package: epstopdf-base 2016/05/15 v2.6 Base part for package epstopdf

(/usr/share/texlive/texmf-dist/tex/generic/oberdiek/infwarerr.sty
Package: infwarerr 2016/05/16 v1.4 Providing info/warning/error messages (HO)
)
(/usr/share/texlive/texmf-dist/tex/latex/oberdiek/grfext.sty
Package: grfext 2016/05/16 v1.2 Manage graphics extensions (HO)

(/usr/share/texlive/texmf-dist/tex/generic/oberdiek/kvdefinekeys.sty
Package: kvdefinekeys 2016/05/16 v1.4 Define keys (HO)

(/usr/share/texlive/texmf-dist/tex/generic/oberdiek/ltxcmds.sty
Package: ltxcmds 2016/05/16 v1.23 LaTeX kernel commands for general use (HO)
)))
(/usr/share/texlive/texmf-dist/tex/latex/oberdiek/kvoptions.sty
Package: kvoptions 2016/05/16 v3.12 Key value format for package options (HO)

(/usr/share/texlive/texmf-dist/tex/generic/oberdiek/kvsetkeys.sty
Package: kvsetkeys 2016/05/16 v1.17 Key value parser (HO)

(/usr/share/texlive/texmf-dist/tex/generic/oberdiek/etexcmds.sty
Package: etexcmds 2016/05/16 v1.6 Avoid name clashes with e-TeX commands (HO)

(/usr/share/texlive/texmf-dist/tex/generic/oberdiek/ifluatex.sty
Package: ifluatex 2016/05/16 v1.4 Provides the ifluatex switch (HO)
Package ifluatex Info: LuaTeX not detected.
)
Package etexcmds Info: Could not find \expanded.
(etexcmds)             That can mean that you are not using pdfTeX 1.50 or
(etexcmds)             that some package has redefined \expanded.
(etexcmds)             In the latter case, load this package earlier.
)))
(/usr/share/texlive/texmf-dist/tex/generic/oberdiek/pdftexcmds.sty
Package: pdftexcmds 2018/01/21 v0.26 Utility functions of pdfTeX for LuaTeX (HO
)

(/usr/share/texlive/texmf-dist/tex/generic/oberdiek/ifpdf.sty
Package: ifpdf 2017/03/15 v3.2 Provides the ifpdf switch
)
Package pdftexcmds Info: LuaTeX not detected.
Package pdftexcmds Info: \pdf@primitive is available.
Package pdftexcmds Info: \pdf@ifprimitive is available.
Package pdftexcmds Info: \pdfdraftmode found.
)
Package epstopdf-base Info: Redefining graphics rule for `.eps' on input line 4
38.
Package grfext Info: Graphics extension search list:
(grfext)             [.pdf,.png,.jpg,.mps,.jpeg,.jbig2,.jb2,.PDF,.PNG,.JPG,.JPE
G,.JBIG2,.JB2,.eps]
(grfext)             \AppendGraphicsExtensions on input line 456.

(/usr/share/texlive/texmf-dist/tex/latex/latexconfig/epstopdf-sys.cfg
File: epstopdf-sys.cfg 2010/07/13 v1.3 Configuration of (r)epstopdf for TeX Liv
e
)))
(/usr/share/texlive/texmf-dist/tex/generic/ulem/ulem.sty
\UL@box=\box43
\UL@hyphenbox=\box44
\UL@skip=\skip53
\UL@hook=\toks26
\UL@height=\dimen134
\UL@pe=\count113
\UL@pixel=\dimen135
\ULC@box=\box45
Package: ulem 2012/05/18
\ULdepth=\dimen136
)
Class revtex4-1 Info: Unrecognized array package. Please update this document c
lass! (Proceeding with fingers crossed.) on input line 27.
Class revtex4-1 Info: Robustifying \LaTeX's \boldmath command on input line 27.

Class revtex4-1 Info: cite was not loaded (OK!) on input line 27.
Class revtex4-1 Info: mcite was not loaded (OK!) on input line 27.
Class revtex4-1 Info: multicol was not loaded (OK!) on input line 27.
 (./Manuscript.aux)
\openout1 = `Manuscript.aux'.

LaTeX Font Info:    Checking defaults for OML/cmm/m/it on input line 27.
LaTeX Font Info:    ... okay on input line 27.
LaTeX Font Info:    Checking defaults for T1/cmr/m/n on input line 27.
LaTeX Font Info:    ... okay on input line 27.
LaTeX Font Info:    Checking defaults for OT1/cmr/m/n on input line 27.
LaTeX Font Info:    ... okay on input line 27.
LaTeX Font Info:    Checking defaults for OMS/cmsy/m/n on input line 27.
LaTeX Font Info:    ... okay on input line 27.
LaTeX Font Info:    Checking defaults for OMX/cmex/m/n on input line 27.
LaTeX Font Info:    ... okay on input line 27.
LaTeX Font Info:    Checking defaults for U/cmr/m/n on input line 27.
LaTeX Font Info:    ... okay on input line 27.

(/usr/share/texlive/texmf-dist/tex/context/base/mkii/supp-pdf.mkii
[Loading MPS to PDF converter (version 2006.09.02).]
\scratchcounter=\count114
\scratchdimen=\dimen137
\scratchbox=\box46
\nofMPsegments=\count115
\nofMParguments=\count116
\everyMPshowfont=\toks27
\MPscratchCnt=\count117
\MPscratchDim=\dimen138
\MPnumerator=\count118
\makeMPintoPDFobject=\count119
\everyMPtoPDFconversion=\toks28
)
\openout3 = `ManuscriptNotes.bib'.

LaTeX Font Info:    Try loading font information for U+msa on input line 38.
 (/usr/share/texlive/texmf-dist/tex/latex/amsfonts/umsa.fd
File: umsa.fd 2013/01/14 v3.01 AMS symbols A
)
LaTeX Font Info:    Try loading font information for U+msb on input line 38.

(/usr/share/texlive/texmf-dist/tex/latex/amsfonts/umsb.fd
File: umsb.fd 2013/01/14 v3.01 AMS symbols B
)
LaTeX Font Info:    Try loading font information for U+lasy on input line 38.

(/usr/share/texlive/texmf-dist/tex/latex/base/ulasy.fd
File: ulasy.fd 1998/08/17 v2.2e LaTeX symbol font definitions
)
LaTeX Font Info:    Font shape `U/lasy/b/n' in size <8> not available
(Font)              Font shape `U/lasy/m/n' tried instead on input line 38.
LaTeX Font Info:    Font shape `U/lasy/b/n' in size <6> not available
(Font)              Font shape `U/lasy/m/n' tried instead on input line 38.
 [1{/var/lib/texmf/fonts/map/pdftex/updmap/pdftex.map}]
Underfull \hbox (badness 10000) in paragraph at lines 46--47

 []

Missing character: There is no â in font cmr12!
Missing character: There is no € in font cmr12!
Missing character: There is no ™ in font cmr12!

Underfull \hbox (badness 10000) in paragraph at lines 48--49

 []


Underfull \hbox (badness 10000) in paragraph at lines 50--51

 []


Underfull \hbox (badness 10000) in paragraph at lines 52--54

 []

[2]
Underfull \hbox (badness 10000) in paragraph at lines 55--56

 []

[3]
Underfull \hbox (badness 10000) in paragraph at lines 68--70

 []


Underfull \hbox (badness 10000) in paragraph at lines 71--72

 []

[4]
Underfull \hbox (badness 10000) in paragraph at lines 77--78

 []


Underfull \hbox (badness 10000) in paragraph at lines 79--80

 []


Underfull \hbox (badness 10000) in paragraph at lines 87--88

 []

[5]
Underfull \hbox (badness 10000) in paragraph at lines 95--96

 []


Underfull \hbox (badness 10000) in paragraph at lines 110--111

 []

[6]

pdfTeX warning: /usr/bin/pdflatex (file ./figure_1.pdf): PDF inclusion: found P
DF version <1.7>, but at most version <1.5> allowed
<figure_1.pdf, id=36, 689.57625pt x 483.8075pt>
File: figure_1.pdf Graphic file (type pdf)
<use figure_1.pdf>
Package pdftex.def Info: figure_1.pdf  used on input line 115.
(pdftex.def)             Requested size: 275.8256pt x 193.51956pt.

Underfull \hbox (badness 10000) in paragraph at lines 123--124

 []

[7 <./figure_1.pdf>]
Underfull \hbox (badness 10000) in paragraph at lines 125--126

 []

[8]
Underfull \hbox (badness 10000) in paragraph at lines 133--134

 []


Underfull \hbox (badness 10000) in paragraph at lines 136--137

 []


Underfull \hbox (badness 10000) in paragraph at lines 138--139

 []


Underfull \hbox (badness 10000) in paragraph at lines 140--141

 []


Underfull \hbox (badness 10000) in paragraph at lines 142--143

 []

[9]
Underfull \hbox (badness 10000) in paragraph at lines 144--145

 []



pdfTeX warning: /usr/bin/pdflatex (file ./figure_2a.pdf): PDF inclusion: found 
PDF version <1.7>, but at most version <1.5> allowed
<figure_2a.pdf, id=52, 694.595pt x 543.02875pt>
File: figure_2a.pdf Graphic file (type pdf)
<use figure_2a.pdf>
Package pdftex.def Info: figure_2a.pdf  used on input line 153.
(pdftex.def)             Requested size: 208.38011pt x 162.90987pt.


pdfTeX warning: /usr/bin/pdflatex (file ./figure_2b.pdf): PDF inclusion: found 
PDF version <1.7>, but at most version <1.5> allowed
<figure_2b.pdf, id=53, 691.58376pt x 543.02875pt>
File: figure_2b.pdf Graphic file (type pdf)
<use figure_2b.pdf>
Package pdftex.def Info: figure_2b.pdf  used on input line 154.
(pdftex.def)             Requested size: 207.47672pt x 162.90987pt.

LaTeX Warning: `!h' float specifier changed to `!ht'.


Underfull \hbox (badness 10000) in paragraph at lines 163--164

 []



pdfTeX warning: /usr/bin/pdflatex (file ./figure_3a.pdf): PDF inclusion: found 
PDF version <1.7>, but at most version <1.5> allowed
<figure_3a.pdf, id=54, 694.595pt x 544.0325pt>
File: figure_3a.pdf Graphic file (type pdf)
<use figure_3a.pdf>
Package pdftex.def Info: figure_3a.pdf  used on input line 170.
(pdftex.def)             Requested size: 208.38011pt x 163.211pt.


pdfTeX warning: /usr/bin/pdflatex (file ./figure_3b.pdf): PDF inclusion: found 
PDF version <1.7>, but at most version <1.5> allowed
<figure_3b.pdf, id=55, 694.595pt x 544.0325pt>
File: figure_3b.pdf Graphic file (type pdf)
<use figure_3b.pdf>
Package pdftex.def Info: figure_3b.pdf  used on input line 171.
(pdftex.def)             Requested size: 208.38011pt x 163.211pt.

LaTeX Warning: `!h' float specifier changed to `!ht'.

[10] [11 <./figure_2a.pdf> <./figure_2b.pdf> <./figure_3a.pdf> <./figure_3b.pdf
>]

pdfTeX warning: /usr/bin/pdflatex (file ./figure_4a.pdf): PDF inclusion: found 
PDF version <1.7>, but at most version <1.5> allowed
<figure_4a.pdf, id=100, 694.595pt x 544.0325pt>
File: figure_4a.pdf Graphic file (type pdf)
<use figure_4a.pdf>
Package pdftex.def Info: figure_4a.pdf  used on input line 190.
(pdftex.def)             Requested size: 208.38011pt x 163.211pt.


pdfTeX warning: /usr/bin/pdflatex (file ./figure_4b.pdf): PDF inclusion: found 
PDF version <1.7>, but at most version <1.5> allowed
<figure_4b.pdf, id=101, 694.595pt x 544.0325pt>
File: figure_4b.pdf Graphic file (type pdf)
<use figure_4b.pdf>
Package pdftex.def Info: figure_4b.pdf  used on input line 191.
(pdftex.def)             Requested size: 208.38011pt x 163.211pt.

Underfull \hbox (badness 10000) in paragraph at lines 199--200

 []



pdfTeX warning: /usr/bin/pdflatex (file ./figure_5.pdf): PDF inclusion: found P
DF version <1.7>, but at most version <1.5> allowed
<figure_5.pdf, id=102, 717.68124pt x 519.9425pt>
File: figure_5.pdf Graphic file (type pdf)
<use figure_5.pdf>
Package pdftex.def Info: figure_5.pdf  used on input line 204.
(pdftex.def)             Requested size: 287.06741pt x 207.97331pt.

LaTeX Warning: `!h' float specifier changed to `!ht'.

[12 <./figure_4a.pdf> <./figure_4b.pdf>]

pdfTeX warning: /usr/bin/pdflatex (file ./figure_6a.pdf): PDF inclusion: found 
PDF version <1.7>, but at most version <1.5> allowed
<figure_6a.pdf, id=125, 694.595pt x 490.83376pt>
File: figure_6a.pdf Graphic file (type pdf)
<use figure_6a.pdf>
Package pdftex.def Info: figure_6a.pdf  used on input line 217.
(pdftex.def)             Requested size: 222.27493pt x 157.07pt.


pdfTeX warning: /usr/bin/pdflatex (file ./figure_6b.pdf): PDF inclusion: found 
PDF version <1.7>, but at most version <1.5> allowed
<figure_6b.pdf, id=126, 694.595pt x 485.815pt>
File: figure_6b.pdf Graphic file (type pdf)
<use figure_6b.pdf>
Package pdftex.def Info: figure_6b.pdf  used on input line 218.
(pdftex.def)             Requested size: 222.27493pt x 155.46397pt.

LaTeX Warning: `!h' float specifier changed to `!ht'.

[13 <./figure_5.pdf>]
Underfull \hbox (badness 10000) in paragraph at lines 233--235

 []


Underfull \hbox (badness 10000) in paragraph at lines 236--237

 []

<figure_7a.pdf, id=142, 700.6175pt x 488.82625pt>
File: figure_7a.pdf Graphic file (type pdf)
<use figure_7a.pdf>
Package pdftex.def Info: figure_7a.pdf  used on input line 243.
(pdftex.def)             Requested size: 231.20448pt x 161.31316pt.
<figure_7b.pdf, id=143, 693.59125pt x 513.92pt>
File: figure_7b.pdf Graphic file (type pdf)
<use figure_7b.pdf>
Package pdftex.def Info: figure_7b.pdf  used on input line 244.
(pdftex.def)             Requested size: 228.88582pt x 169.59412pt.
<figure_7c.pdf, id=144, 701.62125pt x 513.92pt>
File: figure_7c.pdf Graphic file (type pdf)
<use figure_7c.pdf>
Package pdftex.def Info: figure_7c.pdf  used on input line 246.
(pdftex.def)             Requested size: 245.5711pt x 179.87468pt.
[14 <./figure_6a.pdf> <./figure_6b.pdf>]
Underfull \hbox (badness 10000) in paragraph at lines 259--260

 []

[15 <./figure_7a.pdf> <./figure_7b.pdf

pdfTeX warning: /usr/bin/pdflatex (file ./figure_7b.pdf): PDF inclusion: multip
le pdfs with page group included in a single page
> <./figure_7c.pdf

pdfTeX warning: /usr/bin/pdflatex (file ./figure_7c.pdf): PDF inclusion: multip
le pdfs with page group included in a single page
>]
Underfull \hbox (badness 10000) in paragraph at lines 269--270

 []


Underfull \hbox (badness 10000) in paragraph at lines 289--290

 []

[16]

pdfTeX warning: /usr/bin/pdflatex (file ./figure_8a.pdf): PDF inclusion: found 
PDF version <1.7>, but at most version <1.5> allowed
<figure_8a.pdf, id=219, 718.685pt x 488.82625pt>
File: figure_8a.pdf Graphic file (type pdf)
<use figure_8a.pdf>
Package pdftex.def Info: figure_8a.pdf  used on input line 297.
(pdftex.def)             Requested size: 215.60716pt x 146.649pt.


pdfTeX warning: /usr/bin/pdflatex (file ./figure_8b.pdf): PDF inclusion: found 
PDF version <1.7>, but at most version <1.5> allowed
<figure_8b.pdf, id=220, 707.64375pt x 488.82625pt>
File: figure_8b.pdf Graphic file (type pdf)
<use figure_8b.pdf>
Package pdftex.def Info: figure_8b.pdf  used on input line 298.
(pdftex.def)             Requested size: 212.29475pt x 146.649pt.
[17 <./figure_8a.pdf> <./figure_8b.pdf>]
Underfull \hbox (badness 10000) in paragraph at lines 322--324

 []

[18] [19] [20] (./Manuscript.aux) ) 
Here is how much of TeX's memory you used:
 6793 strings out of 494923
 105646 string characters out of 6180743
 183563 words of memory out of 5000000
 9993 multiletter control sequences out of 15000+600000
 15457 words of font info for 60 fonts, out of 8000000 for 9000
 14 hyphenation exceptions out of 8191
 42i,7n,29p,1917b,370s stack positions out of 5000i,500n,10000p,200000b,80000s
</usr/share/texlive/texmf-dist/fonts/type1/p
ublic/amsfonts/cm/cmbx10.pfb></usr/share/texlive/texmf-dist/fonts/type1/public/
amsfonts/cm/cmbx12.pfb></usr/share/texlive/texmf-dist/fonts/type1/public/amsfon
ts/cm/cmex10.pfb></usr/share/texlive/texmf-dist/fonts/type1/public/amsfonts/cme
xtra/cmex8.pfb></usr/share/texlive/texmf-dist/fonts/type1/public/amsfonts/cm/cm
mi10.pfb></usr/share/texlive/texmf-dist/fonts/type1/public/amsfonts/cm/cmmi12.p
fb></usr/share/texlive/texmf-dist/fonts/type1/public/amsfonts/cm/cmmi6.pfb></us
r/share/texlive/texmf-dist/fonts/type1/public/amsfonts/cm/cmmi8.pfb></usr/share
/texlive/texmf-dist/fonts/type1/public/amsfonts/cm/cmr10.pfb></usr/share/texliv
e/texmf-dist/fonts/type1/public/amsfonts/cm/cmr12.pfb></usr/share/texlive/texmf
-dist/fonts/type1/public/amsfonts/cm/cmr6.pfb></usr/share/texlive/texmf-dist/fo
nts/type1/public/amsfonts/cm/cmr8.pfb></usr/share/texlive/texmf-dist/fonts/type
1/public/amsfonts/cm/cmsy10.pfb></usr/share/texlive/texmf-dist/fonts/type1/publ
ic/amsfonts/cm/cmsy8.pfb></usr/share/texlive/texmf-dist/fonts/type1/public/amsf
onts/cm/cmti10.pfb></usr/share/texlive/texmf-dist/fonts/type1/public/amsfonts/c
m/cmti12.pfb></usr/share/texmf/fonts/type1/public/tex-gyre/qhvb.pfb></usr/share
/texlive/texmf-dist/fonts/type1/urw/symbol/usyr.pfb>
Output written on Manuscript.pdf (20 pages, 540811 bytes).
PDF statistics:
 307 PDF objects out of 1000 (max. 8388607)
 211 compressed objects within 3 object streams
 0 named destinations out of 1000 (max. 500000)
 76 words of extra memory for PDF output out of 10000 (max. 10000000)

